/home/krutharthmc/.local/lib/python3.10/site-packages/setuptools/_distutils/dist.py:261: UserWarning: Unknown distribution option: 'tests_require'
  warnings.warn(msg)
running egg_info
creating build/ir_obstacle_avoidance/ir_obstacle_avoidance.egg-info
writing build/ir_obstacle_avoidance/ir_obstacle_avoidance.egg-info/PKG-INFO
writing dependency_links to build/ir_obstacle_avoidance/ir_obstacle_avoidance.egg-info/dependency_links.txt
writing entry points to build/ir_obstacle_avoidance/ir_obstacle_avoidance.egg-info/entry_points.txt
writing requirements to build/ir_obstacle_avoidance/ir_obstacle_avoidance.egg-info/requires.txt
writing top-level names to build/ir_obstacle_avoidance/ir_obstacle_avoidance.egg-info/top_level.txt
writing manifest file 'build/ir_obstacle_avoidance/ir_obstacle_avoidance.egg-info/SOURCES.txt'
reading manifest file 'build/ir_obstacle_avoidance/ir_obstacle_avoidance.egg-info/SOURCES.txt'
writing manifest file 'build/ir_obstacle_avoidance/ir_obstacle_avoidance.egg-info/SOURCES.txt'
running build
running build_py
creating /home/krutharthmc/Downloads/ir_obstacle_avoidance/build/ir_obstacle_avoidance/build/lib/ir_obstacle_avoidance
copying ir_obstacle_avoidance/ir_processor_node.py -> /home/krutharthmc/Downloads/ir_obstacle_avoidance/build/ir_obstacle_avoidance/build/lib/ir_obstacle_avoidance
copying ir_obstacle_avoidance/obstacle_avoidance.py -> /home/krutharthmc/Downloads/ir_obstacle_avoidance/build/ir_obstacle_avoidance/build/lib/ir_obstacle_avoidance
copying ir_obstacle_avoidance/__init__.py -> /home/krutharthmc/Downloads/ir_obstacle_avoidance/build/ir_obstacle_avoidance/build/lib/ir_obstacle_avoidance
running install
running install_lib
creating /home/krutharthmc/Downloads/ir_obstacle_avoidance/install/ir_obstacle_avoidance/lib/python3.10/site-packages/ir_obstacle_avoidance
copying /home/krutharthmc/Downloads/ir_obstacle_avoidance/build/ir_obstacle_avoidance/build/lib/ir_obstacle_avoidance/ir_processor_node.py -> /home/krutharthmc/Downloads/ir_obstacle_avoidance/install/ir_obstacle_avoidance/lib/python3.10/site-packages/ir_obstacle_avoidance
copying /home/krutharthmc/Downloads/ir_obstacle_avoidance/build/ir_obstacle_avoidance/build/lib/ir_obstacle_avoidance/obstacle_avoidance.py -> /home/krutharthmc/Downloads/ir_obstacle_avoidance/install/ir_obstacle_avoidance/lib/python3.10/site-packages/ir_obstacle_avoidance
copying /home/krutharthmc/Downloads/ir_obstacle_avoidance/build/ir_obstacle_avoidance/build/lib/ir_obstacle_avoidance/__init__.py -> /home/krutharthmc/Downloads/ir_obstacle_avoidance/install/ir_obstacle_avoidance/lib/python3.10/site-packages/ir_obstacle_avoidance
byte-compiling /home/krutharthmc/Downloads/ir_obstacle_avoidance/install/ir_obstacle_avoidance/lib/python3.10/site-packages/ir_obstacle_avoidance/ir_processor_node.py to ir_processor_node.cpython-310.pyc
byte-compiling /home/krutharthmc/Downloads/ir_obstacle_avoidance/install/ir_obstacle_avoidance/lib/python3.10/site-packages/ir_obstacle_avoidance/obstacle_avoidance.py to obstacle_avoidance.cpython-310.pyc
byte-compiling /home/krutharthmc/Downloads/ir_obstacle_avoidance/install/ir_obstacle_avoidance/lib/python3.10/site-packages/ir_obstacle_avoidance/__init__.py to __init__.cpython-310.pyc
running install_data
creating /home/krutharthmc/Downloads/ir_obstacle_avoidance/install/ir_obstacle_avoidance/share/ament_index/resource_index/packages
copying resource/ir_obstacle_avoidance -> /home/krutharthmc/Downloads/ir_obstacle_avoidance/install/ir_obstacle_avoidance/share/ament_index/resource_index/packages
copying package.xml -> /home/krutharthmc/Downloads/ir_obstacle_avoidance/install/ir_obstacle_avoidance/share/ir_obstacle_avoidance
running install_egg_info
Copying build/ir_obstacle_avoidance/ir_obstacle_avoidance.egg-info to /home/krutharthmc/Downloads/ir_obstacle_avoidance/install/ir_obstacle_avoidance/lib/python3.10/site-packages/ir_obstacle_avoidance-0.0.0-py3.10.egg-info
running install_scripts
Installing ir_processor script to /home/krutharthmc/Downloads/ir_obstacle_avoidance/install/ir_obstacle_avoidance/lib/ir_obstacle_avoidance
Installing obstacle_avoidance script to /home/krutharthmc/Downloads/ir_obstacle_avoidance/install/ir_obstacle_avoidance/lib/ir_obstacle_avoidance
writing list of installed files to '/home/krutharthmc/Downloads/ir_obstacle_avoidance/build/ir_obstacle_avoidance/install.log'
